<?xml version="1.0" encoding="UTF-8"?>
<!-- Generated by org.testng.reporters.JUnitXMLReporter -->
<testsuite ignored="0" hostname="SOURAV" failures="0" tests="18" name="testautomationpractice.blogspot.com – Full GUI Suite" time="34.123" errors="0" timestamp="2026-06-08T15:18:24 IST">
  <testcase classname="com.automation.tests.GuiElementsTest" name="tc01_PageTitleValidation" time="0.421"/>
  <testcase classname="com.automation.tests.GuiElementsTest" name="tc02_NameField" time="1.03"/>
  <testcase classname="com.automation.tests.GuiElementsTest" name="tc03_EmailField" time="0.979"/>
  <testcase classname="com.automation.tests.GuiElementsTest" name="tc04_PhoneField" time="0.922"/>
  <testcase classname="com.automation.tests.GuiElementsTest" name="tc05_AddressField" time="0.888"/>
  <testcase classname="com.automation.tests.GuiElementsTest" name="tc06_RadioButton" time="0.873"/>
  <testcase classname="com.automation.tests.GuiElementsTest" name="tc07_Checkbox" time="0.885"/>
  <testcase classname="com.automation.tests.GuiElementsTest" name="tc08_Dropdowns" time="2.615"/>
  <testcase classname="com.automation.tests.GuiElementsTest" name="tc09_DatePickers" time="4.151"/>
  <testcase classname="com.automation.tests.GuiElementsTest" name="tc10_FileUpload" time="1.477"/>
  <testcase classname="com.automation.tests.GuiElementsTest" name="tc11_WikipediaSearch" time="1.028"/>
  <testcase classname="com.automation.tests.GuiElementsTest" name="tc12_DynamicButton" time="4.938"/>
  <testcase classname="com.automation.tests.GuiElementsTest" name="tc13_MouseHover" time="1.576"/>
  <testcase classname="com.automation.tests.GuiElementsTest" name="tc14_DoubleClick" time="1.984"/>
  <testcase classname="com.automation.tests.GuiElementsTest" name="tc15_DragAndDrop" time="1.688"/>
  <testcase classname="com.automation.tests.GuiElementsTest" name="tc16_Slider" time="1.727"/>
  <testcase classname="com.automation.tests.GuiElementsTest" name="tc17_Alerts" time="2.986"/>
  <testcase classname="com.automation.tests.GuiElementsTest" name="tc18_MiscFeatures" time="3.922"/>
</testsuite> <!-- testautomationpractice.blogspot.com – Full GUI Suite -->
