<?xml version="1.0" encoding="UTF-8"?>
<testsuite xmlns:xsi="http://www.w3.org/2001/XMLSchema-instance" xsi:noNamespaceSchemaLocation="https://maven.apache.org/surefire/maven-surefire-plugin/xsd/surefire-test-report-3.0.xsd" version="3.0" name="TestSuite" time="41.519" tests="18" errors="0" skipped="0" failures="0">
  <properties>
[...]
</properties>
  <testcase name="tc01_PageTitleValidation" classname="com.automation.tests.GuiElementsTest" time="0.421">
    <system-out><![CDATA[...
... TestNG 7.9.0 by Cédric Beust (cedric@beust.com)
...

[BaseTest] Extent Report initialised.
[BaseTest] Chrome browser launched.
[BaseTest] Navigated to → https://testautomationpractice.blogspot.com/
[Test] GuiElementsPage initialised.
Screenshot saved → C:\Users\SOURAV SINGH\eclipse-workspace\selenium-gui-automation\screenshots\TC01_title_before_20260608_151750_336.png
Screenshot saved → C:\Users\SOURAV SINGH\eclipse-workspace\selenium-gui-automation\screenshots\TC01_title_after_20260608_151750_575.png
]]></system-out>
    <system-err><![CDATA[SLF4J(W): No SLF4J providers were found.
SLF4J(W): Defaulting to no-operation (NOP) logger implementation
SLF4J(W): See https://www.slf4j.org/codes.html#noProviders for further details.
Jun 08, 2026 3:17:44 PM org.openqa.selenium.devtools.CdpVersionFinder findNearestMatch
WARNING: Unable to find CDP implementation matching 149
Jun 08, 2026 3:17:44 PM org.openqa.selenium.chromium.ChromiumDriver lambda$new$5
WARNING: Unable to find version of CDP to use for 149.0.7827.54. You may need to include a dependency on a specific version of the CDP using something similar to `org.seleniumhq.selenium:selenium-devtools-v86:4.18.1` where the version ("v86") matches the version of the chromium-based browser you're using and the version number of the artifact is the same as Selenium's.
]]></system-err>
  </testcase>
  <testcase name="tc02_NameField" classname="com.automation.tests.GuiElementsTest" time="1.027">
    <system-out><![CDATA[Screenshot saved → C:\Users\SOURAV SINGH\eclipse-workspace\selenium-gui-automation\screenshots\TC02_name_before_20260608_151751_074.png
Screenshot saved → C:\Users\SOURAV SINGH\eclipse-workspace\selenium-gui-automation\screenshots\TC02_name_after_20260608_151751_605.png
]]></system-out>
  </testcase>
  <testcase name="tc03_EmailField" classname="com.automation.tests.GuiElementsTest" time="0.979">
    <system-out><![CDATA[Screenshot saved → C:\Users\SOURAV SINGH\eclipse-workspace\selenium-gui-automation\screenshots\TC03_email_before_20260608_151752_099.png
Screenshot saved → C:\Users\SOURAV SINGH\eclipse-workspace\selenium-gui-automation\screenshots\TC03_email_after_20260608_151752_620.png
]]></system-out>
  </testcase>
  <testcase name="tc04_PhoneField" classname="com.automation.tests.GuiElementsTest" time="0.922">
    <system-out><![CDATA[Screenshot saved → C:\Users\SOURAV SINGH\eclipse-workspace\selenium-gui-automation\screenshots\TC04_phone_before_20260608_151753_089.png
Screenshot saved → C:\Users\SOURAV SINGH\eclipse-workspace\selenium-gui-automation\screenshots\TC04_phone_after_20260608_151753_565.png
]]></system-out>
  </testcase>
  <testcase name="tc05_AddressField" classname="com.automation.tests.GuiElementsTest" time="0.889">
    <system-out><![CDATA[Screenshot saved → C:\Users\SOURAV SINGH\eclipse-workspace\selenium-gui-automation\screenshots\TC05_address_before_20260608_151754_007.png
Screenshot saved → C:\Users\SOURAV SINGH\eclipse-workspace\selenium-gui-automation\screenshots\TC05_address_after_20260608_151754_466.png
]]></system-out>
  </testcase>
  <testcase name="tc06_RadioButton" classname="com.automation.tests.GuiElementsTest" time="0.874">
    <system-out><![CDATA[Screenshot saved → C:\Users\SOURAV SINGH\eclipse-workspace\selenium-gui-automation\screenshots\TC06_radio_before_20260608_151754_895.png
Screenshot saved → C:\Users\SOURAV SINGH\eclipse-workspace\selenium-gui-automation\screenshots\TC06_radio_after_20260608_151755_354.png
]]></system-out>
  </testcase>
  <testcase name="tc07_Checkbox" classname="com.automation.tests.GuiElementsTest" time="0.886">
    <system-out><![CDATA[Screenshot saved → C:\Users\SOURAV SINGH\eclipse-workspace\selenium-gui-automation\screenshots\TC07_checkbox_before_20260608_151755_768.png
Screenshot saved → C:\Users\SOURAV SINGH\eclipse-workspace\selenium-gui-automation\screenshots\TC07_checkbox_after_20260608_151756_236.png
]]></system-out>
  </testcase>
  <testcase name="tc08_Dropdowns" classname="com.automation.tests.GuiElementsTest" time="2.615">
    <system-out><![CDATA[Screenshot saved → C:\Users\SOURAV SINGH\eclipse-workspace\selenium-gui-automation\screenshots\TC08_country_before_20260608_151756_659.png
Screenshot saved → C:\Users\SOURAV SINGH\eclipse-workspace\selenium-gui-automation\screenshots\TC08_country_after_20260608_151757_129.png
Screenshot saved → C:\Users\SOURAV SINGH\eclipse-workspace\selenium-gui-automation\screenshots\TC08_color_before_20260608_151757_545.png
Screenshot saved → C:\Users\SOURAV SINGH\eclipse-workspace\selenium-gui-automation\screenshots\TC08_color_after_20260608_151757_989.png
Screenshot saved → C:\Users\SOURAV SINGH\eclipse-workspace\selenium-gui-automation\screenshots\TC08_animal_before_20260608_151758_416.png
Screenshot saved → C:\Users\SOURAV SINGH\eclipse-workspace\selenium-gui-automation\screenshots\TC08_animal_after_20260608_151758_867.png
]]></system-out>
  </testcase>
  <testcase name="tc09_DatePickers" classname="com.automation.tests.GuiElementsTest" time="4.152">
    <system-out><![CDATA[Screenshot saved → C:\Users\SOURAV SINGH\eclipse-workspace\selenium-gui-automation\screenshots\TC09_date1_before_20260608_151759_275.png
Screenshot saved → C:\Users\SOURAV SINGH\eclipse-workspace\selenium-gui-automation\screenshots\TC09_date1_after_20260608_151759_842.png
Screenshot saved → C:\Users\SOURAV SINGH\eclipse-workspace\selenium-gui-automation\screenshots\TC09_date2_before_20260608_151800_312.png
Screenshot saved → C:\Users\SOURAV SINGH\eclipse-workspace\selenium-gui-automation\screenshots\TC09_date2_after_20260608_151800_708.png
Screenshot saved → C:\Users\SOURAV SINGH\eclipse-workspace\selenium-gui-automation\screenshots\TC09_daterange_before_20260608_151801_135.png
[Page] Date range submitted.
Screenshot saved → C:\Users\SOURAV SINGH\eclipse-workspace\selenium-gui-automation\screenshots\TC09_daterange_after_20260608_151802_996.png
]]></system-out>
  </testcase>
  <testcase name="tc10_FileUpload" classname="com.automation.tests.GuiElementsTest" time="1.476">
    <system-out><![CDATA[Screenshot saved → C:\Users\SOURAV SINGH\eclipse-workspace\selenium-gui-automation\screenshots\TC10_singlefile_before_20260608_151803_424.png
[Page] Single file uploaded: C:\Users\SOURAV SINGH\OneDrive\Desktop\Wipro Assignments\1776959736860-Assignment SDET - Day 1.pdf
Screenshot saved → C:\Users\SOURAV SINGH\eclipse-workspace\selenium-gui-automation\screenshots\TC10_singlefile_after_20260608_151803_918.png
Screenshot saved → C:\Users\SOURAV SINGH\eclipse-workspace\selenium-gui-automation\screenshots\TC10_multifile_before_20260608_151804_023.png
[Page] Multiple files uploaded.
Screenshot saved → C:\Users\SOURAV SINGH\eclipse-workspace\selenium-gui-automation\screenshots\TC10_multifile_after_20260608_151804_490.png
]]></system-out>
  </testcase>
  <testcase name="tc11_WikipediaSearch" classname="com.automation.tests.GuiElementsTest" time="1.027">
    <system-out><![CDATA[Screenshot saved → C:\Users\SOURAV SINGH\eclipse-workspace\selenium-gui-automation\screenshots\TC11_wiki_before_20260608_151804_915.png
Screenshot saved → C:\Users\SOURAV SINGH\eclipse-workspace\selenium-gui-automation\screenshots\TC11_wiki_after_20260608_151805_451.png
]]></system-out>
  </testcase>
  <testcase name="tc12_DynamicButton" classname="com.automation.tests.GuiElementsTest" time="4.938">
    <system-out><![CDATA[Screenshot saved → C:\Users\SOURAV SINGH\eclipse-workspace\selenium-gui-automation\screenshots\TC12_dynbtn_before_20260608_151805_941.png
[Page] Dynamic Button current text: START
[Page] Dynamic Button after 1st click: STOP
[Page] Dynamic Button after 2nd click: START
Screenshot saved → C:\Users\SOURAV SINGH\eclipse-workspace\selenium-gui-automation\screenshots\TC12_dynbtn_after_20260608_151810_474.png
]]></system-out>
  </testcase>
  <testcase name="tc13_MouseHover" classname="com.automation.tests.GuiElementsTest" time="1.577">
    <system-out><![CDATA[Screenshot saved → C:\Users\SOURAV SINGH\eclipse-workspace\selenium-gui-automation\screenshots\TC13_hover_before_20260608_151810_866.png
Screenshot saved → C:\Users\SOURAV SINGH\eclipse-workspace\selenium-gui-automation\screenshots\TC13_hover_after_20260608_151812_037.png
]]></system-out>
  </testcase>
  <testcase name="tc14_DoubleClick" classname="com.automation.tests.GuiElementsTest" time="1.984">
    <system-out><![CDATA[Screenshot saved → C:\Users\SOURAV SINGH\eclipse-workspace\selenium-gui-automation\screenshots\TC14_dblclick_before_20260608_151812_459.png
Screenshot saved → C:\Users\SOURAV SINGH\eclipse-workspace\selenium-gui-automation\screenshots\TC14_field1_filled_20260608_151812_919.png
Screenshot saved → C:\Users\SOURAV SINGH\eclipse-workspace\selenium-gui-automation\screenshots\TC14_dblclick_after_20260608_151813_969.png
]]></system-out>
  </testcase>
  <testcase name="tc15_DragAndDrop" classname="com.automation.tests.GuiElementsTest" time="1.689">
    <system-out><![CDATA[Screenshot saved → C:\Users\SOURAV SINGH\eclipse-workspace\selenium-gui-automation\screenshots\TC15_dragdrop_before_20260608_151814_435.png
Screenshot saved → C:\Users\SOURAV SINGH\eclipse-workspace\selenium-gui-automation\screenshots\TC15_dragdrop_after_20260608_151815_695.png
]]></system-out>
  </testcase>
  <testcase name="tc16_Slider" classname="com.automation.tests.GuiElementsTest" time="1.727">
    <system-out><![CDATA[Screenshot saved → C:\Users\SOURAV SINGH\eclipse-workspace\selenium-gui-automation\screenshots\TC16_slider_before_20260608_151816_116.png
Screenshot saved → C:\Users\SOURAV SINGH\eclipse-workspace\selenium-gui-automation\screenshots\TC16_slider_after_20260608_151817_440.png
]]></system-out>
  </testcase>
  <testcase name="tc17_Alerts" classname="com.automation.tests.GuiElementsTest" time="2.986">
    <system-out><![CDATA[Screenshot saved → C:\Users\SOURAV SINGH\eclipse-workspace\selenium-gui-automation\screenshots\TC17_alert_before_20260608_151817_847.png
Screenshot saved → C:\Users\SOURAV SINGH\eclipse-workspace\selenium-gui-automation\screenshots\TC17_alert_after_20260608_151818_304.png
Screenshot saved → C:\Users\SOURAV SINGH\eclipse-workspace\selenium-gui-automation\screenshots\TC17_confirm_dismissed_20260608_151819_136.png
Screenshot saved → C:\Users\SOURAV SINGH\eclipse-workspace\selenium-gui-automation\screenshots\TC17_confirm_accepted_20260608_151819_598.png
Screenshot saved → C:\Users\SOURAV SINGH\eclipse-workspace\selenium-gui-automation\screenshots\TC17_prompt_after_20260608_151820_396.png
]]></system-out>
  </testcase>
  <testcase name="tc18_MiscFeatures" classname="com.automation.tests.GuiElementsTest" time="3.921">
    <system-out><![CDATA[Screenshot saved → C:\Users\SOURAV SINGH\eclipse-workspace\selenium-gui-automation\screenshots\TC18_combo_before_20260608_151820_832.png
[Page] ComboBox item entered: Item 5
Screenshot saved → C:\Users\SOURAV SINGH\eclipse-workspace\selenium-gui-automation\screenshots\TC18_combo_after_20260608_151821_328.png
Screenshot saved → C:\Users\SOURAV SINGH\eclipse-workspace\selenium-gui-automation\screenshots\TC18_links_20260608_151821_435.png
Screenshot saved → C:\Users\SOURAV SINGH\eclipse-workspace\selenium-gui-automation\screenshots\TC18_newtab_before_20260608_151821_867.png
Screenshot saved → C:\Users\SOURAV SINGH\eclipse-workspace\selenium-gui-automation\screenshots\TC18_newtab_after_20260608_151822_359.png
Screenshot saved → C:\Users\SOURAV SINGH\eclipse-workspace\selenium-gui-automation\screenshots\TC18_popup_before_20260608_151822_819.png
Screenshot saved → C:\Users\SOURAV SINGH\eclipse-workspace\selenium-gui-automation\screenshots\TC18_popup_after_20260608_151823_373.png
Screenshot saved → C:\Users\SOURAV SINGH\eclipse-workspace\selenium-gui-automation\screenshots\TC18_scroll_bottom_20260608_151823_809.png
Screenshot saved → C:\Users\SOURAV SINGH\eclipse-workspace\selenium-gui-automation\screenshots\TC18_scroll_top_20260608_151824_258.png
]]></system-out>
  </testcase>
</testsuite>